<?xml version="1.0" encoding="UTF-8"?>
<testsuite name="com.mindex.challenge.service.impl.ReportingStructureServiceImplTest" tests="1" skipped="0" failures="0" errors="0" timestamp="2021-10-25T06:24:11" hostname="Benjamins-MacBook-Pro.local" time="0.143">
  <properties/>
  <testcase name="testRead" classname="com.mindex.challenge.service.impl.ReportingStructureServiceImplTest" time="0.143"/>
  <system-out><![CDATA[2021-10-25 02:24:10.377  INFO 6691 --- [    Test worker] .b.t.c.SpringBootTestContextBootstrapper : Neither @ContextConfiguration nor @ContextHierarchy found for test class [com.mindex.challenge.service.impl.ReportingStructureServiceImplTest], using SpringBootContextLoader
2021-10-25 02:24:10.377  INFO 6691 --- [    Test worker] o.s.t.c.support.AbstractContextLoader    : Could not detect default resource locations for test class [com.mindex.challenge.service.impl.ReportingStructureServiceImplTest]: no resource found for suffixes {-context.xml, Context.groovy}.
2021-10-25 02:24:10.378  INFO 6691 --- [    Test worker] t.c.s.AnnotationConfigContextLoaderUtils : Could not detect default configuration classes for test class [com.mindex.challenge.service.impl.ReportingStructureServiceImplTest]: ReportingStructureServiceImplTest does not declare any static, non-private, non-final, nested classes annotated with @Configuration.
2021-10-25 02:24:10.385  INFO 6691 --- [    Test worker] .b.t.c.SpringBootTestContextBootstrapper : Found @SpringBootConfiguration com.mindex.challenge.ChallengeApplication for test class com.mindex.challenge.service.impl.ReportingStructureServiceImplTest
2021-10-25 02:24:10.386  INFO 6691 --- [    Test worker] .b.t.c.SpringBootTestContextBootstrapper : Loaded default TestExecutionListener class names from location [META-INF/spring.factories]: [org.springframework.boot.test.autoconfigure.restdocs.RestDocsTestExecutionListener, org.springframework.boot.test.autoconfigure.web.client.MockRestServiceServerResetTestExecutionListener, org.springframework.boot.test.autoconfigure.web.servlet.MockMvcPrintOnlyOnFailureTestExecutionListener, org.springframework.boot.test.autoconfigure.web.servlet.WebDriverTestExecutionListener, org.springframework.boot.test.mock.mockito.MockitoTestExecutionListener, org.springframework.boot.test.mock.mockito.ResetMocksTestExecutionListener, org.springframework.test.context.web.ServletTestExecutionListener, org.springframework.test.context.support.DirtiesContextBeforeModesTestExecutionListener, org.springframework.test.context.support.DependencyInjectionTestExecutionListener, org.springframework.test.context.support.DirtiesContextTestExecutionListener, org.springframework.test.context.transaction.TransactionalTestExecutionListener, org.springframework.test.context.jdbc.SqlScriptsTestExecutionListener, org.springframework.test.context.event.EventPublishingTestExecutionListener]
2021-10-25 02:24:10.386  INFO 6691 --- [    Test worker] .b.t.c.SpringBootTestContextBootstrapper : Using TestExecutionListeners: [org.springframework.test.context.web.ServletTestExecutionListener@64b95def, org.springframework.test.context.support.DirtiesContextBeforeModesTestExecutionListener@1c43c87b, org.springframework.boot.test.mock.mockito.MockitoTestExecutionListener@74aca3e9, org.springframework.boot.test.autoconfigure.SpringBootDependencyInjectionTestExecutionListener@5e95cb74, org.springframework.test.context.support.DirtiesContextTestExecutionListener@706db36c, org.springframework.test.context.transaction.TransactionalTestExecutionListener@72efbd0a, org.springframework.test.context.jdbc.SqlScriptsTestExecutionListener@634deb55, org.springframework.test.context.event.EventPublishingTestExecutionListener@13734223, org.springframework.boot.test.autoconfigure.restdocs.RestDocsTestExecutionListener@e1875f2, org.springframework.boot.test.autoconfigure.web.client.MockRestServiceServerResetTestExecutionListener@1109ed6, org.springframework.boot.test.autoconfigure.web.servlet.MockMvcPrintOnlyOnFailureTestExecutionListener@d0bcae2, org.springframework.boot.test.autoconfigure.web.servlet.WebDriverTestExecutionListener@460f33a, org.springframework.boot.test.mock.mockito.ResetMocksTestExecutionListener@491aa1a1]

  .   ____          _            __ _ _
 /\\ / ___'_ __ _ _(_)_ __  __ _ \ \ \ \
( ( )\___ | '_ | '_| | '_ \/ _` | \ \ \ \
 \\/  ___)| |_)| | | | | || (_| |  ) ) ) )
  '  |____| .__|_| |_|_| |_\__, | / / / /
 =========|_|==============|___/=/_/_/_/
 :: Spring Boot ::        (v2.2.0.RELEASE)

2021-10-25 02:24:10.402  INFO 6691 --- [    Test worker] .c.s.i.ReportingStructureServiceImplTest : Starting ReportingStructureServiceImplTest on Benjamins-MacBook-Pro.local with PID 6691 (started by benjaminstevenson in /Users/benjaminstevenson/Documents/mindex-java-code-challenge)
2021-10-25 02:24:10.402 DEBUG 6691 --- [    Test worker] .c.s.i.ReportingStructureServiceImplTest : Running with Spring Boot v2.2.0.RELEASE, Spring v5.2.0.RELEASE
2021-10-25 02:24:10.402  INFO 6691 --- [    Test worker] .c.s.i.ReportingStructureServiceImplTest : No active profile set, falling back to default profiles: default
2021-10-25 02:24:10.474  INFO 6691 --- [    Test worker] .s.d.r.c.RepositoryConfigurationDelegate : Bootstrapping Spring Data repositories in DEFAULT mode.
2021-10-25 02:24:10.480  INFO 6691 --- [    Test worker] .s.d.r.c.RepositoryConfigurationDelegate : Finished Spring Data repository scanning in 6ms. Found 2 repository interfaces.
2021-10-25 02:24:10.650  INFO 6691 --- [    Test worker] o.s.b.w.embedded.tomcat.TomcatWebServer  : Tomcat initialized with port(s): 0 (http)
2021-10-25 02:24:10.659  INFO 6691 --- [    Test worker] o.apache.catalina.core.StandardService   : Starting service [Tomcat]
2021-10-25 02:24:10.659  INFO 6691 --- [    Test worker] org.apache.catalina.core.StandardEngine  : Starting Servlet engine: [Apache Tomcat/9.0.27]
2021-10-25 02:24:10.738  INFO 6691 --- [    Test worker] o.a.c.c.C.[Tomcat].[localhost].[/]       : Initializing Spring embedded WebApplicationContext
2021-10-25 02:24:10.740  INFO 6691 --- [    Test worker] o.s.web.context.ContextLoader            : Root WebApplicationContext: initialization completed in 334 ms
2021-10-25 02:24:10.818  INFO 6691 --- [    Test worker] de.bwaldvogel.mongo.MongoServer          : started MongoServer(port: 50110, ssl: false)
2021-10-25 02:24:10.819  INFO 6691 --- [    Test worker] org.mongodb.driver.cluster               : Cluster created with settings {hosts=[127.0.0.1:50110], mode=SINGLE, requiredClusterType=UNKNOWN, serverSelectionTimeout='30000 ms', maxWaitQueueSize=500}
2021-10-25 02:24:10.821  INFO 6691 --- [-server-worker1] d.b.mongo.wire.MongoWireProtocolHandler  : client [id: 0x37f3a6df, L:/127.0.0.1:50110 - R:/127.0.0.1:50111] connected
2021-10-25 02:24:10.824  WARN 6691 --- [    Test worker] o.s.data.convert.CustomConversions       : Registering converter from class java.time.LocalDateTime to class java.time.Instant as reading converter although it doesn't convert from a store-supported type! You might wanna check you annotation setup at the converter implementation.
2021-10-25 02:24:10.824  WARN 6691 --- [    Test worker] o.s.data.convert.CustomConversions       : Registering converter from class java.time.Instant to class java.time.LocalDateTime as reading converter although it doesn't convert from a store-supported type! You might wanna check you annotation setup at the converter implementation.
2021-10-25 02:24:10.825  WARN 6691 --- [    Test worker] o.s.data.convert.CustomConversions       : Registering converter from class java.time.LocalDateTime to class java.time.Instant as reading converter although it doesn't convert from a store-supported type! You might wanna check you annotation setup at the converter implementation.
2021-10-25 02:24:10.826  WARN 6691 --- [    Test worker] o.s.data.convert.CustomConversions       : Registering converter from class java.time.Instant to class java.time.LocalDateTime as reading converter although it doesn't convert from a store-supported type! You might wanna check you annotation setup at the converter implementation.
2021-10-25 02:24:10.831  INFO 6691 --- [127.0.0.1:50110] org.mongodb.driver.connection            : Opened connection [connectionId{localValue:3}] to 127.0.0.1:50110
2021-10-25 02:24:10.832  INFO 6691 --- [127.0.0.1:50110] org.mongodb.driver.cluster               : Monitor thread successfully connected to server with description ServerDescription{address=127.0.0.1:50110, type=STANDALONE, state=CONNECTED, ok=true, version=ServerVersion{versionList=[3, 0, 0]}, minWireVersion=0, maxWireVersion=2, maxDocumentSize=16777216, logicalSessionTimeoutMinutes=null, roundTripTimeNanos=860030}
2021-10-25 02:24:10.861  INFO 6691 --- [-server-worker2] d.b.mongo.wire.MongoWireProtocolHandler  : client [id: 0xaa834748, L:/127.0.0.1:50110 - R:/127.0.0.1:50112] connected
2021-10-25 02:24:10.871  INFO 6691 --- [    Test worker] org.mongodb.driver.connection            : Opened connection [connectionId{localValue:4}] to 127.0.0.1:50110
2021-10-25 02:24:10.872  INFO 6691 --- [-server-worker2] d.b.mongo.backend.AbstractMongoBackend   : created database test
2021-10-25 02:24:10.873  INFO 6691 --- [-server-worker2] d.b.mongo.backend.AbstractMongoDatabase  : adding unique _id index for collection employee
2021-10-25 02:24:10.873  INFO 6691 --- [-server-worker2] d.b.mongo.backend.AbstractMongoDatabase  : created collection test.employee
2021-10-25 02:24:10.952  INFO 6691 --- [    Test worker] o.s.s.concurrent.ThreadPoolTaskExecutor  : Initializing ExecutorService 'applicationTaskExecutor'
2021-10-25 02:24:11.006  WARN 6691 --- [    Test worker] o.s.data.convert.CustomConversions       : Registering converter from class java.time.LocalDateTime to class java.time.Instant as reading converter although it doesn't convert from a store-supported type! You might wanna check you annotation setup at the converter implementation.
2021-10-25 02:24:11.006  WARN 6691 --- [    Test worker] o.s.data.convert.CustomConversions       : Registering converter from class java.time.Instant to class java.time.LocalDateTime as reading converter although it doesn't convert from a store-supported type! You might wanna check you annotation setup at the converter implementation.
2021-10-25 02:24:11.016  WARN 6691 --- [    Test worker] o.s.data.convert.CustomConversions       : Registering converter from class java.time.LocalDateTime to class java.time.Instant as reading converter although it doesn't convert from a store-supported type! You might wanna check you annotation setup at the converter implementation.
2021-10-25 02:24:11.016  WARN 6691 --- [    Test worker] o.s.data.convert.CustomConversions       : Registering converter from class java.time.Instant to class java.time.LocalDateTime as reading converter although it doesn't convert from a store-supported type! You might wanna check you annotation setup at the converter implementation.
2021-10-25 02:24:11.062  INFO 6691 --- [    Test worker] o.s.b.w.embedded.tomcat.TomcatWebServer  : Tomcat started on port(s): 50113 (http) with context path ''
2021-10-25 02:24:11.063  INFO 6691 --- [    Test worker] .c.s.i.ReportingStructureServiceImplTest : Started ReportingStructureServiceImplTest in 0.675 seconds (JVM running for 3.759)
2021-10-25 02:24:11.140  INFO 6691 --- [o-auto-1-exec-1] o.a.c.c.C.[Tomcat].[localhost].[/]       : Initializing Spring DispatcherServlet 'dispatcherServlet'
2021-10-25 02:24:11.140  INFO 6691 --- [o-auto-1-exec-1] o.s.web.servlet.DispatcherServlet        : Initializing Servlet 'dispatcherServlet'
2021-10-25 02:24:11.152  INFO 6691 --- [o-auto-1-exec-1] o.s.web.servlet.DispatcherServlet        : Completed initialization in 12 ms
2021-10-25 02:24:11.174 DEBUG 6691 --- [o-auto-1-exec-1] c.m.c.controller.EmployeeController      : Received employee create request for [Employee ID: null
First Name: Jessie
LastName: Stevens
Position: Lead Manager
Department: Mangement
Direct Reports:[Employee ID: null
First Name: John
LastName: Doe
Position: Developer
Department: Engineering
Direct Reports:[Employee ID: null
First Name: Bob
LastName: Smith
Position: Junior Developer
Department: Engineering
Direct Reports:null], Employee ID: null
First Name: Sheryll
LastName: Green
Position: Business Admin
Department: Business Administration
Direct Reports:null]]
2021-10-25 02:24:11.174 DEBUG 6691 --- [o-auto-1-exec-1] c.m.c.service.impl.EmployeeServiceImpl   : Creating employee [Employee ID: null
First Name: Jessie
LastName: Stevens
Position: Lead Manager
Department: Mangement
Direct Reports:[Employee ID: null
First Name: John
LastName: Doe
Position: Developer
Department: Engineering
Direct Reports:[Employee ID: null
First Name: Bob
LastName: Smith
Position: Junior Developer
Department: Engineering
Direct Reports:null], Employee ID: null
First Name: Sheryll
LastName: Green
Position: Business Admin
Department: Business Administration
Direct Reports:null]]
2021-10-25 02:24:11.199 DEBUG 6691 --- [o-auto-1-exec-2] c.m.challenge.data.ReportingStructure    : Received employee create request for id [a690bd92-08e1-4f05-8736-885afd850b44]
2021-10-25 02:24:11.199 DEBUG 6691 --- [o-auto-1-exec-2] c.m.c.service.impl.EmployeeServiceImpl   : Getting ReportingStructure from employee with id [a690bd92-08e1-4f05-8736-885afd850b44]
]]></system-out>
  <system-err><![CDATA[]]></system-err>
</testsuite>
