<?xml version="1.0" encoding="UTF-8"?>
<testsuite name="com.mindex.challenge.ChallengeApplicationTests" tests="1" skipped="0" failures="0" errors="0" timestamp="2021-10-25T06:24:11" hostname="Benjamins-MacBook-Pro.local" time="0.001">
  <properties/>
  <testcase name="contextLoads" classname="com.mindex.challenge.ChallengeApplicationTests" time="0.001"/>
  <system-out><![CDATA[2021-10-25 02:24:11.283  INFO 6691 --- [    Test worker] .b.t.c.SpringBootTestContextBootstrapper : Neither @ContextConfiguration nor @ContextHierarchy found for test class [com.mindex.challenge.ChallengeApplicationTests], using SpringBootContextLoader
2021-10-25 02:24:11.284  INFO 6691 --- [    Test worker] o.s.t.c.support.AbstractContextLoader    : Could not detect default resource locations for test class [com.mindex.challenge.ChallengeApplicationTests]: no resource found for suffixes {-context.xml, Context.groovy}.
2021-10-25 02:24:11.284  INFO 6691 --- [    Test worker] t.c.s.AnnotationConfigContextLoaderUtils : Could not detect default configuration classes for test class [com.mindex.challenge.ChallengeApplicationTests]: ChallengeApplicationTests does not declare any static, non-private, non-final, nested classes annotated with @Configuration.
2021-10-25 02:24:11.285  INFO 6691 --- [    Test worker] .b.t.c.SpringBootTestContextBootstrapper : Found @SpringBootConfiguration com.mindex.challenge.ChallengeApplication for test class com.mindex.challenge.ChallengeApplicationTests
2021-10-25 02:24:11.286  INFO 6691 --- [    Test worker] .b.t.c.SpringBootTestContextBootstrapper : Loaded default TestExecutionListener class names from location [META-INF/spring.factories]: [org.springframework.boot.test.autoconfigure.restdocs.RestDocsTestExecutionListener, org.springframework.boot.test.autoconfigure.web.client.MockRestServiceServerResetTestExecutionListener, org.springframework.boot.test.autoconfigure.web.servlet.MockMvcPrintOnlyOnFailureTestExecutionListener, org.springframework.boot.test.autoconfigure.web.servlet.WebDriverTestExecutionListener, org.springframework.boot.test.mock.mockito.MockitoTestExecutionListener, org.springframework.boot.test.mock.mockito.ResetMocksTestExecutionListener, org.springframework.test.context.web.ServletTestExecutionListener, org.springframework.test.context.support.DirtiesContextBeforeModesTestExecutionListener, org.springframework.test.context.support.DependencyInjectionTestExecutionListener, org.springframework.test.context.support.DirtiesContextTestExecutionListener, org.springframework.test.context.transaction.TransactionalTestExecutionListener, org.springframework.test.context.jdbc.SqlScriptsTestExecutionListener, org.springframework.test.context.event.EventPublishingTestExecutionListener]
2021-10-25 02:24:11.286  INFO 6691 --- [    Test worker] .b.t.c.SpringBootTestContextBootstrapper : Using TestExecutionListeners: [org.springframework.test.context.web.ServletTestExecutionListener@30940b98, org.springframework.test.context.support.DirtiesContextBeforeModesTestExecutionListener@3a512b01, org.springframework.boot.test.mock.mockito.MockitoTestExecutionListener@298f9984, org.springframework.boot.test.autoconfigure.SpringBootDependencyInjectionTestExecutionListener@3e04b23c, org.springframework.test.context.support.DirtiesContextTestExecutionListener@2edcb6af, org.springframework.test.context.transaction.TransactionalTestExecutionListener@1d669956, org.springframework.test.context.jdbc.SqlScriptsTestExecutionListener@487070c7, org.springframework.test.context.event.EventPublishingTestExecutionListener@53feaea7, org.springframework.boot.test.autoconfigure.restdocs.RestDocsTestExecutionListener@185c13b9, org.springframework.boot.test.autoconfigure.web.client.MockRestServiceServerResetTestExecutionListener@315995cd, org.springframework.boot.test.autoconfigure.web.servlet.MockMvcPrintOnlyOnFailureTestExecutionListener@7ae43d69, org.springframework.boot.test.autoconfigure.web.servlet.WebDriverTestExecutionListener@5c493f04, org.springframework.boot.test.mock.mockito.ResetMocksTestExecutionListener@24703eef]
]]></system-out>
  <system-err><![CDATA[]]></system-err>
</testsuite>
