<?xml version="1.0" encoding="UTF-8"?>
<testsuite name="com.mindex.challenge.data.ReportingStructureTests" tests="2" skipped="0" failures="0" errors="0" timestamp="2021-10-25T06:24:11" hostname="Benjamins-MacBook-Pro.local" time="0.006">
  <properties/>
  <testcase name="reportingStructureNullDirectReportEmployee" classname="com.mindex.challenge.data.ReportingStructureTests" time="0.002"/>
  <testcase name="reportingStructureNonNullDirectReportEmployee" classname="com.mindex.challenge.data.ReportingStructureTests" time="0.003"/>
  <system-out><![CDATA[2021-10-25 02:24:11.289  INFO 6691 --- [    Test worker] .b.t.c.SpringBootTestContextBootstrapper : Neither @ContextConfiguration nor @ContextHierarchy found for test class [com.mindex.challenge.data.ReportingStructureTests], using SpringBootContextLoader
2021-10-25 02:24:11.290  INFO 6691 --- [    Test worker] o.s.t.c.support.AbstractContextLoader    : Could not detect default resource locations for test class [com.mindex.challenge.data.ReportingStructureTests]: no resource found for suffixes {-context.xml, Context.groovy}.
2021-10-25 02:24:11.290  INFO 6691 --- [    Test worker] t.c.s.AnnotationConfigContextLoaderUtils : Could not detect default configuration classes for test class [com.mindex.challenge.data.ReportingStructureTests]: ReportingStructureTests does not declare any static, non-private, non-final, nested classes annotated with @Configuration.
2021-10-25 02:24:11.294  INFO 6691 --- [    Test worker] .b.t.c.SpringBootTestContextBootstrapper : Found @SpringBootConfiguration com.mindex.challenge.ChallengeApplication for test class com.mindex.challenge.data.ReportingStructureTests
2021-10-25 02:24:11.295  INFO 6691 --- [    Test worker] .b.t.c.SpringBootTestContextBootstrapper : Loaded default TestExecutionListener class names from location [META-INF/spring.factories]: [org.springframework.boot.test.autoconfigure.restdocs.RestDocsTestExecutionListener, org.springframework.boot.test.autoconfigure.web.client.MockRestServiceServerResetTestExecutionListener, org.springframework.boot.test.autoconfigure.web.servlet.MockMvcPrintOnlyOnFailureTestExecutionListener, org.springframework.boot.test.autoconfigure.web.servlet.WebDriverTestExecutionListener, org.springframework.boot.test.mock.mockito.MockitoTestExecutionListener, org.springframework.boot.test.mock.mockito.ResetMocksTestExecutionListener, org.springframework.test.context.web.ServletTestExecutionListener, org.springframework.test.context.support.DirtiesContextBeforeModesTestExecutionListener, org.springframework.test.context.support.DependencyInjectionTestExecutionListener, org.springframework.test.context.support.DirtiesContextTestExecutionListener, org.springframework.test.context.transaction.TransactionalTestExecutionListener, org.springframework.test.context.jdbc.SqlScriptsTestExecutionListener, org.springframework.test.context.event.EventPublishingTestExecutionListener]
2021-10-25 02:24:11.295  INFO 6691 --- [    Test worker] .b.t.c.SpringBootTestContextBootstrapper : Using TestExecutionListeners: [org.springframework.test.context.web.ServletTestExecutionListener@7986aaed, org.springframework.test.context.support.DirtiesContextBeforeModesTestExecutionListener@4f581bf, org.springframework.boot.test.mock.mockito.MockitoTestExecutionListener@2693cc88, org.springframework.boot.test.autoconfigure.SpringBootDependencyInjectionTestExecutionListener@5f326ce4, org.springframework.test.context.support.DirtiesContextTestExecutionListener@13af742d, org.springframework.test.context.transaction.TransactionalTestExecutionListener@3b7ff79e, org.springframework.test.context.jdbc.SqlScriptsTestExecutionListener@3308bf5, org.springframework.test.context.event.EventPublishingTestExecutionListener@4fa9823b, org.springframework.boot.test.autoconfigure.restdocs.RestDocsTestExecutionListener@27cf99ff, org.springframework.boot.test.autoconfigure.web.client.MockRestServiceServerResetTestExecutionListener@63c8599f, org.springframework.boot.test.autoconfigure.web.servlet.MockMvcPrintOnlyOnFailureTestExecutionListener@64a00930, org.springframework.boot.test.autoconfigure.web.servlet.WebDriverTestExecutionListener@671bf7c5, org.springframework.boot.test.mock.mockito.ResetMocksTestExecutionListener@3c408ab8]
]]></system-out>
  <system-err><![CDATA[]]></system-err>
</testsuite>
